%CPU %MEM ARGS Wed May 15 10:45:15 CEST 2024
 0.0  0.0 -bash
 0.0  0.0 ps
 0.0  0.0 cut
 0.0  0.0 tail
 0.1  0.2 python3
 0.1  0.3 /home/ask/.vscode-server/bin/8b3775030ed1a69b13e4f4c628c612102e30a681/node
 0.2  0.6 /home/ask/.vscode-server/bin/8b3775030ed1a69b13e4f4c628c612102e30a681/node
 0.4  0.0 /sbin/init
 1.6  0.8 /home/ask/.vscode-server/bin/8b3775030ed1a69b13e4f4c628c612102e30a681/node
 2.6  1.4 /home/ask/.vscode-server/bin/8b3775030ed1a69b13e4f4c628c612102e30a681/node
%CPU %MEM ARGS Wed May 15 10:45:20 CEST 2024
 0.0  0.0 ps
 0.0  0.0 cut
 0.0  0.0 tail
 0.1  0.2 python3
 0.1  0.3 /home/ask/.vscode-server/bin/8b3775030ed1a69b13e4f4c628c612102e30a681/node
 0.2  0.6 /home/ask/.vscode-server/bin/8b3775030ed1a69b13e4f4c628c612102e30a681/node
 0.4  0.0 /sbin/init
 1.6  0.8 /home/ask/.vscode-server/bin/8b3775030ed1a69b13e4f4c628c612102e30a681/node
 2.6  1.4 /home/ask/.vscode-server/bin/8b3775030ed1a69b13e4f4c628c612102e30a681/node
36.0  0.7 node --stack-trace-limit=1000
%CPU %MEM ARGS Wed May 15 10:45:25 CEST 2024
 0.0  0.0 ps
 0.0  0.0 cut
 0.0  0.0 tail
 0.1  0.2 python3
 0.1  0.3 /home/ask/.vscode-server/bin/8b3775030ed1a69b13e4f4c628c612102e30a681/node
 0.2  0.6 /home/ask/.vscode-server/bin/8b3775030ed1a69b13e4f4c628c612102e30a681/node
 0.4  0.0 /sbin/init
 1.6  0.8 /home/ask/.vscode-server/bin/8b3775030ed1a69b13e4f4c628c612102e30a681/node
 2.6  1.4 /home/ask/.vscode-server/bin/8b3775030ed1a69b13e4f4c628c612102e30a681/node
40.2  0.9 node --stack-trace-limit=1000
%CPU %MEM ARGS Wed May 15 10:45:30 CEST 2024
 0.0  0.0 ps
 0.0  0.0 cut
 0.0  0.0 tail
 0.1  0.2 python3
 0.1  0.3 /home/ask/.vscode-server/bin/8b3775030ed1a69b13e4f4c628c612102e30a681/node
 0.2  0.6 /home/ask/.vscode-server/bin/8b3775030ed1a69b13e4f4c628c612102e30a681/node
 0.4  0.0 /sbin/init
 1.6  0.9 /home/ask/.vscode-server/bin/8b3775030ed1a69b13e4f4c628c612102e30a681/node
 2.6  1.4 /home/ask/.vscode-server/bin/8b3775030ed1a69b13e4f4c628c612102e30a681/node
78.9  1.1 node --stack-trace-limit=1000
%CPU %MEM ARGS Wed May 15 10:45:35 CEST 2024
 0.0  0.0 ps
 0.0  0.0 cut
 0.0  0.0 tail
 0.1  0.2 python3
 0.1  0.3 /home/ask/.vscode-server/bin/8b3775030ed1a69b13e4f4c628c612102e30a681/node
 0.2  0.6 /home/ask/.vscode-server/bin/8b3775030ed1a69b13e4f4c628c612102e30a681/node
 0.4  0.0 /sbin/init
 1.6  0.8 /home/ask/.vscode-server/bin/8b3775030ed1a69b13e4f4c628c612102e30a681/node
 2.6  1.4 /home/ask/.vscode-server/bin/8b3775030ed1a69b13e4f4c628c612102e30a681/node
89.1  1.3 node --stack-trace-limit=1000
%CPU %MEM ARGS Wed May 15 10:45:56 CEST 2024
 0.0  0.0 ps
 0.0  0.0 cut
 0.0  0.0 tail
 0.1  0.2 python3
 0.1  0.3 /home/ask/.vscode-server/bin/8b3775030ed1a69b13e4f4c628c612102e30a681/node
 0.2  0.6 /home/ask/.vscode-server/bin/8b3775030ed1a69b13e4f4c628c612102e30a681/node
 0.4  0.0 /sbin/init
 1.6  0.8 /home/ask/.vscode-server/bin/8b3775030ed1a69b13e4f4c628c612102e30a681/node
 2.6  1.4 /home/ask/.vscode-server/bin/8b3775030ed1a69b13e4f4c628c612102e30a681/node
 105  0.5 /home/ask/AU/Bachelorprojekt/Troupe/bin/troupec
%CPU %MEM ARGS Wed May 15 10:46:01 CEST 2024
 0.0  0.0 ps
 0.0  0.0 cut
 0.0  0.0 tail
 0.1  0.2 python3
 0.1  0.3 /home/ask/.vscode-server/bin/8b3775030ed1a69b13e4f4c628c612102e30a681/node
 0.2  0.6 /home/ask/.vscode-server/bin/8b3775030ed1a69b13e4f4c628c612102e30a681/node
 0.4  0.0 /sbin/init
 1.6  0.9 /home/ask/.vscode-server/bin/8b3775030ed1a69b13e4f4c628c612102e30a681/node
 2.6  1.4 /home/ask/.vscode-server/bin/8b3775030ed1a69b13e4f4c628c612102e30a681/node
17.4  0.8 node --stack-trace-limit=1000
%CPU %MEM ARGS Wed May 15 10:46:06 CEST 2024
 0.0  0.0 ps
 0.0  0.0 cut
 0.0  0.0 tail
 0.1  0.2 python3
 0.1  0.3 /home/ask/.vscode-server/bin/8b3775030ed1a69b13e4f4c628c612102e30a681/node
 0.2  0.6 /home/ask/.vscode-server/bin/8b3775030ed1a69b13e4f4c628c612102e30a681/node
 0.4  0.0 /sbin/init
 1.6  0.9 /home/ask/.vscode-server/bin/8b3775030ed1a69b13e4f4c628c612102e30a681/node
 2.6  1.4 /home/ask/.vscode-server/bin/8b3775030ed1a69b13e4f4c628c612102e30a681/node
63.1  1.0 node --stack-trace-limit=1000
%CPU %MEM ARGS Wed May 15 10:46:11 CEST 2024
 0.0  0.0 ps
 0.0  0.0 cut
 0.0  0.0 tail
 0.1  0.2 python3
 0.1  0.3 /home/ask/.vscode-server/bin/8b3775030ed1a69b13e4f4c628c612102e30a681/node
 0.2  0.6 /home/ask/.vscode-server/bin/8b3775030ed1a69b13e4f4c628c612102e30a681/node
 0.4  0.0 /sbin/init
 1.6  0.8 /home/ask/.vscode-server/bin/8b3775030ed1a69b13e4f4c628c612102e30a681/node
 2.6  1.4 /home/ask/.vscode-server/bin/8b3775030ed1a69b13e4f4c628c612102e30a681/node
86.3  1.2 node --stack-trace-limit=1000
%CPU %MEM ARGS Wed May 15 10:46:16 CEST 2024
 0.0  0.0 ps
 0.0  0.0 cut
 0.0  0.0 tail
 0.1  0.2 python3
 0.1  0.3 /home/ask/.vscode-server/bin/8b3775030ed1a69b13e4f4c628c612102e30a681/node
 0.2  0.6 /home/ask/.vscode-server/bin/8b3775030ed1a69b13e4f4c628c612102e30a681/node
 0.4  0.0 /sbin/init
 1.6  0.9 /home/ask/.vscode-server/bin/8b3775030ed1a69b13e4f4c628c612102e30a681/node
 2.6  1.4 /home/ask/.vscode-server/bin/8b3775030ed1a69b13e4f4c628c612102e30a681/node
85.3  1.2 node --stack-trace-limit=1000
%CPU %MEM ARGS Wed May 15 10:46:21 CEST 2024
 0.0  0.0 ps
 0.0  0.0 cut
 0.0  0.0 tail
 0.1  0.2 python3
 0.1  0.3 /home/ask/.vscode-server/bin/8b3775030ed1a69b13e4f4c628c612102e30a681/node
 0.2  0.6 /home/ask/.vscode-server/bin/8b3775030ed1a69b13e4f4c628c612102e30a681/node
 0.4  0.0 /sbin/init
 1.6  0.8 /home/ask/.vscode-server/bin/8b3775030ed1a69b13e4f4c628c612102e30a681/node
 2.6  1.4 /home/ask/.vscode-server/bin/8b3775030ed1a69b13e4f4c628c612102e30a681/node
68.4  1.2 node --stack-trace-limit=1000
%CPU %MEM ARGS Wed May 15 10:46:26 CEST 2024
 0.0  0.0 ps
 0.0  0.0 cut
 0.0  0.0 tail
 0.1  0.2 python3
 0.1  0.3 /home/ask/.vscode-server/bin/8b3775030ed1a69b13e4f4c628c612102e30a681/node
 0.2  0.6 /home/ask/.vscode-server/bin/8b3775030ed1a69b13e4f4c628c612102e30a681/node
 0.4  0.0 /sbin/init
 1.6  0.8 /home/ask/.vscode-server/bin/8b3775030ed1a69b13e4f4c628c612102e30a681/node
 2.6  1.4 /home/ask/.vscode-server/bin/8b3775030ed1a69b13e4f4c628c612102e30a681/node
57.3  1.2 node --stack-trace-limit=1000
